This is pdfTeX, Version 3.141592653-2.6-1.40.23 (TeX Live 2021/W32TeX) (preloaded format=pdflatex 2022.3.21)  25 APR 2022 11:30
entering extended mode
 restricted \write18 enabled.
 %&-line parsing enabled.
**_paper.tex
(./_paper.tex
LaTeX2e <2021-11-15> patch level 1
L3 programming layer <2022-02-24> (c:/Users/spyri/AppData/Roaming/TinyTeX/texmf-dist/tex/latex/base/article.cls
Document Class: article 2021/10/04 v1.4n Standard LaTeX document class
(c:/Users/spyri/AppData/Roaming/TinyTeX/texmf-dist/tex/latex/base/size11.clo
File: size11.clo 2021/10/04 v1.4n Standard LaTeX file (size option)
)
\c@part=\count185
\c@section=\count186
\c@subsection=\count187
\c@subsubsection=\count188
\c@paragraph=\count189
\c@subparagraph=\count190
\c@figure=\count191
\c@table=\count192
\abovecaptionskip=\skip47
\belowcaptionskip=\skip48
\bibindent=\dimen138
) (./jmlr2e.sty
Document Style `jmlr'.
(c:/Users/spyri/AppData/Roaming/TinyTeX/texmf-dist/tex/latex/graphics/epsfig.sty
Package: epsfig 2017/06/25 v1.7b (e)psfig emulation (SPQR)
(c:/Users/spyri/AppData/Roaming/TinyTeX/texmf-dist/tex/latex/graphics/graphicx.sty
Package: graphicx 2021/09/16 v1.2d Enhanced LaTeX Graphics (DPC,SPQR)
(c:/Users/spyri/AppData/Roaming/TinyTeX/texmf-dist/tex/latex/graphics/keyval.sty
Package: keyval 2014/10/28 v1.15 key=value parser (DPC)
\KV@toks@=\toks16
) (c:/Users/spyri/AppData/Roaming/TinyTeX/texmf-dist/tex/latex/graphics/graphics.sty
Package: graphics 2021/03/04 v1.4d Standard LaTeX Graphics (DPC,SPQR)
(c:/Users/spyri/AppData/Roaming/TinyTeX/texmf-dist/tex/latex/graphics/trig.sty
Package: trig 2021/08/11 v1.11 sin cos tan (DPC)
) (c:/Users/spyri/AppData/Roaming/TinyTeX/texmf-dist/tex/latex/graphics-cfg/graphics.cfg
File: graphics.cfg 2016/06/04 v1.11 sample graphics configuration
)
Package graphics Info: Driver file: pdftex.def on input line 107.
(c:/Users/spyri/AppData/Roaming/TinyTeX/texmf-dist/tex/latex/graphics-def/pdftex.def
File: pdftex.def 2020/10/05 v1.2a Graphics/color driver for pdftex
))
\Gin@req@height=\dimen139
\Gin@req@width=\dimen140
)
\epsfxsize=\dimen141
\epsfysize=\dimen142
) (c:/Users/spyri/AppData/Roaming/TinyTeX/texmf-dist/tex/latex/amsfonts/amssymb.sty
Package: amssymb 2013/01/14 v3.01 AMS font symbols
(c:/Users/spyri/AppData/Roaming/TinyTeX/texmf-dist/tex/latex/amsfonts/amsfonts.sty
Package: amsfonts 2013/01/14 v3.01 Basic AMSFonts support
\@emptytoks=\toks17
\symAMSa=\mathgroup4
\symAMSb=\mathgroup5
LaTeX Font Info:    Redeclaring math symbol \hbar on input line 98.
LaTeX Font Info:    Overwriting math alphabet `\mathfrak' in version `bold'
(Font)                  U/euf/m/n --> U/euf/b/n on input line 106.
)) (c:/Users/spyri/AppData/Roaming/TinyTeX/texmf-dist/tex/latex/natbib/natbib.sty
Package: natbib 2010/09/13 8.31b (PWD, AO)
\bibhang=\skip49
\bibsep=\skip50
LaTeX Info: Redefining \cite on input line 694.
\c@NAT@ctr=\count193
) (c:/Users/spyri/AppData/Roaming/TinyTeX/texmf-dist/tex/latex/hyperref/hyperref.sty
Package: hyperref 2022-02-21 v7.00n Hypertext links for LaTeX
(c:/Users/spyri/AppData/Roaming/TinyTeX/texmf-dist/tex/generic/ltxcmds/ltxcmds.sty
Package: ltxcmds 2020-05-10 v1.25 LaTeX kernel commands for general use (HO)
) (c:/Users/spyri/AppData/Roaming/TinyTeX/texmf-dist/tex/generic/iftex/iftex.sty
Package: iftex 2022/02/03 v1.0f TeX engine tests
) (c:/Users/spyri/AppData/Roaming/TinyTeX/texmf-dist/tex/generic/pdftexcmds/pdftexcmds.sty
Package: pdftexcmds 2020-06-27 v0.33 Utility functions of pdfTeX for LuaTeX (HO)
(c:/Users/spyri/AppData/Roaming/TinyTeX/texmf-dist/tex/generic/infwarerr/infwarerr.sty
Package: infwarerr 2019/12/03 v1.5 Providing info/warning/error messages (HO)
)
Package pdftexcmds Info: \pdf@primitive is available.
Package pdftexcmds Info: \pdf@ifprimitive is available.
Package pdftexcmds Info: \pdfdraftmode found.
) (c:/Users/spyri/AppData/Roaming/TinyTeX/texmf-dist/tex/generic/kvsetkeys/kvsetkeys.sty
Package: kvsetkeys 2019/12/15 v1.18 Key value parser (HO)
) (c:/Users/spyri/AppData/Roaming/TinyTeX/texmf-dist/tex/generic/kvdefinekeys/kvdefinekeys.sty
Package: kvdefinekeys 2019-12-19 v1.6 Define keys (HO)
) (c:/Users/spyri/AppData/Roaming/TinyTeX/texmf-dist/tex/generic/pdfescape/pdfescape.sty
Package: pdfescape 2019/12/09 v1.15 Implements pdfTeX's escape features (HO)
) (c:/Users/spyri/AppData/Roaming/TinyTeX/texmf-dist/tex/latex/hycolor/hycolor.sty
Package: hycolor 2020-01-27 v1.10 Color options for hyperref/bookmark (HO)
) (c:/Users/spyri/AppData/Roaming/TinyTeX/texmf-dist/tex/latex/letltxmacro/letltxmacro.sty
Package: letltxmacro 2019/12/03 v1.6 Let assignment for LaTeX macros (HO)
) (c:/Users/spyri/AppData/Roaming/TinyTeX/texmf-dist/tex/latex/auxhook/auxhook.sty
Package: auxhook 2019-12-17 v1.6 Hooks for auxiliary files (HO)
) (c:/Users/spyri/AppData/Roaming/TinyTeX/texmf-dist/tex/latex/kvoptions/kvoptions.sty
Package: kvoptions 2020-10-07 v3.14 Key value format for package options (HO)
)
\@linkdim=\dimen143
\Hy@linkcounter=\count194
\Hy@pagecounter=\count195
(c:/Users/spyri/AppData/Roaming/TinyTeX/texmf-dist/tex/latex/hyperref/pd1enc.def
File: pd1enc.def 2022-02-21 v7.00n Hyperref: PDFDocEncoding definition (HO)
Now handling font encoding PD1 ...
... no UTF-8 mapping file for font encoding PD1
) (c:/Users/spyri/AppData/Roaming/TinyTeX/texmf-dist/tex/generic/intcalc/intcalc.sty
Package: intcalc 2019/12/15 v1.3 Expandable calculations with integers (HO)
) (c:/Users/spyri/AppData/Roaming/TinyTeX/texmf-dist/tex/generic/etexcmds/etexcmds.sty
Package: etexcmds 2019/12/15 v1.7 Avoid name clashes with e-TeX commands (HO)
)
\Hy@SavedSpaceFactor=\count196
(c:/Users/spyri/AppData/Roaming/TinyTeX/texmf-dist/tex/latex/hyperref/puenc.def
File: puenc.def 2022-02-21 v7.00n Hyperref: PDF Unicode definition (HO)
Now handling font encoding PU ...
... no UTF-8 mapping file for font encoding PU
)
Package hyperref Info: Option `colorlinks' set `false' on input line 4018.
Package hyperref Info: Hyper figures OFF on input line 4137.
Package hyperref Info: Link nesting OFF on input line 4142.
Package hyperref Info: Hyper index ON on input line 4145.
Package hyperref Info: Plain pages OFF on input line 4152.
Package hyperref Info: Backreferencing OFF on input line 4157.
Package hyperref Info: Implicit mode ON; LaTeX internals redefined.
Package hyperref Info: Bookmarks ON on input line 4390.
\c@Hy@tempcnt=\count197
(c:/Users/spyri/AppData/Roaming/TinyTeX/texmf-dist/tex/latex/url/url.sty
\Urlmuskip=\muskip16
Package: url 2013/09/16  ver 3.4  Verb mode for urls, etc.
)
LaTeX Info: Redefining \url on input line 4749.
\XeTeXLinkMargin=\dimen144
(c:/Users/spyri/AppData/Roaming/TinyTeX/texmf-dist/tex/generic/bitset/bitset.sty
Package: bitset 2019/12/09 v1.3 Handle bit-vector datatype (HO)
(c:/Users/spyri/AppData/Roaming/TinyTeX/texmf-dist/tex/generic/bigintcalc/bigintcalc.sty
Package: bigintcalc 2019/12/15 v1.5 Expandable calculations on big integers (HO)
))
\Fld@menulength=\count198
\Field@Width=\dimen145
\Fld@charsize=\dimen146
Package hyperref Info: Hyper figures OFF on input line 6027.
Package hyperref Info: Link nesting OFF on input line 6032.
Package hyperref Info: Hyper index ON on input line 6035.
Package hyperref Info: backreferencing OFF on input line 6042.
Package hyperref Info: Link coloring OFF on input line 6047.
Package hyperref Info: Link coloring with OCG OFF on input line 6052.
Package hyperref Info: PDF/A mode OFF on input line 6057.
LaTeX Info: Redefining \ref on input line 6097.
LaTeX Info: Redefining \pageref on input line 6101.
(c:/Users/spyri/AppData/Roaming/TinyTeX/texmf-dist/tex/latex/base/atbegshi-ltx.sty
Package: atbegshi-ltx 2021/01/10 v1.0c Emulation of the original atbegshi
package with kernel methods
)
\Hy@abspage=\count199
\c@Item=\count266
\c@Hfootnote=\count267
)
Package hyperref Info: Driver (autodetected): hpdftex.
(c:/Users/spyri/AppData/Roaming/TinyTeX/texmf-dist/tex/latex/hyperref/hpdftex.def
File: hpdftex.def 2022-02-21 v7.00n Hyperref driver for pdfTeX
(c:/Users/spyri/AppData/Roaming/TinyTeX/texmf-dist/tex/latex/base/atveryend-ltx.sty
Package: atveryend-ltx 2020/08/19 v1.0a Emulation of the original atveryend package
with kernel methods
)
\Fld@listcount=\count268
\c@bookmark@seq@number=\count269
(c:/Users/spyri/AppData/Roaming/TinyTeX/texmf-dist/tex/latex/rerunfilecheck/rerunfilecheck.sty
Package: rerunfilecheck 2019/12/05 v1.9 Rerun checks for auxiliary files (HO)
(c:/Users/spyri/AppData/Roaming/TinyTeX/texmf-dist/tex/generic/uniquecounter/uniquecounter.sty
Package: uniquecounter 2019/12/15 v1.4 Provide unlimited unique counter (HO)
)
Package uniquecounter Info: New unique counter `rerunfilecheck' on input line 286.
)
\Hy@SectionHShift=\skip51
)
\aftertitskip=\skip52
\beforetitskip=\skip53
\interauthorskip=\skip54
\aftermaketitskip=\skip55
) (c:/Users/spyri/AppData/Roaming/TinyTeX/texmf-dist/tex/latex/graphics/color.sty
Package: color 2021/12/07 v1.3c Standard LaTeX Color (DPC)
(c:/Users/spyri/AppData/Roaming/TinyTeX/texmf-dist/tex/latex/graphics-cfg/color.cfg
File: color.cfg 2016/01/02 v1.6 sample color configuration
)
Package color Info: Driver file: pdftex.def on input line 149.
) (c:/Users/spyri/AppData/Roaming/TinyTeX/texmf-dist/tex/latex/fancyvrb/fancyvrb.sty
Package: fancyvrb 2021/12/21 4.1b verbatim text (tvz,hv)
\FV@CodeLineNo=\count270
\FV@InFile=\read2
\FV@TabBox=\box50
\c@FancyVerbLine=\count271
\FV@StepNumber=\count272
\FV@OutFile=\write3
) (c:/Users/spyri/AppData/Roaming/TinyTeX/texmf-dist/tex/latex/framed/framed.sty
Package: framed 2011/10/22 v 0.96: framed or shaded text with page breaks
\OuterFrameSep=\skip56
\fb@frw=\dimen147
\fb@frh=\dimen148
\FrameRule=\dimen149
\FrameSep=\dimen150
) (c:/Users/spyri/AppData/Roaming/TinyTeX/texmf-dist/tex/latex/tools/longtable.sty
Package: longtable 2021-09-01 v4.17 Multi-page Table package (DPC)
\LTleft=\skip57
\LTright=\skip58
\LTpre=\skip59
\LTpost=\skip60
\LTchunksize=\count273
\LTcapwidth=\dimen151
\LT@head=\box51
\LT@firsthead=\box52
\LT@foot=\box53
\LT@lastfoot=\box54
\LT@gbox=\box55
\LT@cols=\count274
\LT@rows=\count275
\c@LT@tables=\count276
\c@LT@chunks=\count277
\LT@p@ftn=\toks18
) (c:/Users/spyri/AppData/Roaming/TinyTeX/texmf-dist/tex/latex/booktabs/booktabs.sty
Package: booktabs 2020/01/12 v1.61803398 Publication quality tables
\heavyrulewidth=\dimen152
\lightrulewidth=\dimen153
\cmidrulewidth=\dimen154
\belowrulesep=\dimen155
\belowbottomsep=\dimen156
\aboverulesep=\dimen157
\abovetopsep=\dimen158
\cmidrulesep=\dimen159
\cmidrulekern=\dimen160
\defaultaddspace=\dimen161
\@cmidla=\count278
\@cmidlb=\count279
\@aboverulesep=\dimen162
\@belowrulesep=\dimen163
\@thisruleclass=\count280
\@lastruleclass=\count281
\@thisrulewidth=\dimen164
) (c:/Users/spyri/AppData/Roaming/TinyTeX/texmf-dist/tex/latex/tools/array.sty
Package: array 2021/10/04 v2.5f Tabular extension package (FMi)
\col@sep=\dimen165
\ar@mcellbox=\box56
\extrarowheight=\dimen166
\NC@list=\toks19
\extratabsurround=\skip61
\backup@length=\skip62
\ar@cellbox=\box57
) (c:/Users/spyri/AppData/Roaming/TinyTeX/texmf-dist/tex/latex/tools/calc.sty
Package: calc 2017/05/25 v4.3 Infix arithmetic (KKT,FJ)
\calc@Acount=\count282
\calc@Bcount=\count283
\calc@Adimen=\dimen167
\calc@Bdimen=\dimen168
\calc@Askip=\skip63
\calc@Bskip=\skip64
LaTeX Info: Redefining \setlength on input line 80.
LaTeX Info: Redefining \addtolength on input line 81.
\calc@Ccount=\count284
\calc@Cskip=\skip65
) (c:/Users/spyri/AppData/Roaming/TinyTeX/texmf-dist/tex/latex/etoolbox/etoolbox.sty
Package: etoolbox 2020/10/05 v2.5k e-TeX tools for LaTeX (JAW)
\etb@tempcnta=\count285
) (c:/Users/spyri/AppData/Roaming/TinyTeX/texmf-dist/tex/latex/mdwtools/footnote.sty
Package: footnote 1997/01/28 1.13 Save footnotes around boxes
\fn@notes=\box58
\fn@width=\dimen169
)
\cslhangindent=\skip66
\csllabelwidth=\skip67
\cslentryspacingunit=\skip68
(c:/Users/spyri/AppData/Roaming/TinyTeX/texmf-dist/tex/latex/multirow/multirow.sty
Package: multirow 2021/03/15 v2.8 Span multiple rows of a table
\multirow@colwidth=\skip69
\multirow@cntb=\count286
\multirow@dima=\skip70
\bigstrutjot=\dimen170
) (c:/Users/spyri/AppData/Roaming/TinyTeX/texmf-dist/tex/latex/wrapfig/wrapfig.sty
\wrapoverhang=\dimen171
\WF@size=\dimen172
\c@WF@wrappedlines=\count287
\WF@box=\box59
\WF@everypar=\toks20
Package: wrapfig 2003/01/31  v 3.6
) (c:/Users/spyri/AppData/Roaming/TinyTeX/texmf-dist/tex/latex/float/float.sty
Package: float 2001/11/08 v1.3d Float enhancements (AL)
\c@float@type=\count288
\float@exts=\toks21
\float@box=\box60
\@float@everytoks=\toks22
\@floatcapt=\box61
) (c:/Users/spyri/AppData/Roaming/TinyTeX/texmf-dist/tex/latex/colortbl/colortbl.sty
Package: colortbl 2020/01/04 v1.0e Color table columns (DPC)
\everycr=\toks23
\minrowclearance=\skip71
) (c:/Users/spyri/AppData/Roaming/TinyTeX/texmf-dist/tex/latex/pdflscape/pdflscape.sty
Package: pdflscape 2019/12/05 v0.12 Display of landscape pages in PDF (HO)
(c:/Users/spyri/AppData/Roaming/TinyTeX/texmf-dist/tex/latex/graphics/lscape.sty
Package: lscape 2020/05/28 v3.02 Landscape Pages (DPC)
)
Package pdflscape Info: Auto-detected driver: pdftex on input line 81.
) (c:/Users/spyri/AppData/Roaming/TinyTeX/texmf-dist/tex/latex/tabu/tabu.sty
Package: tabu 2019/01/11 v2.9 - flexible LaTeX tabulars (FC+tabu-fixed)
(c:/Users/spyri/AppData/Roaming/TinyTeX/texmf-dist/tex/latex/varwidth/varwidth.sty
Package: varwidth 2009/03/30 ver 0.92;  Variable-width minipages
\@vwid@box=\box62
\sift@deathcycles=\count289
\@vwid@loff=\dimen173
\@vwid@roff=\dimen174
)
\c@taburow=\count290
\tabu@nbcols=\count291
\tabu@cnt=\count292
\tabu@Xcol=\count293
\tabu@alloc=\count294
\tabu@nested=\count295
\tabu@target=\dimen175
\tabu@spreadtarget=\dimen176
\tabu@naturalX=\dimen177
\tabucolX=\dimen178
\tabu@Xsum=\dimen179
\extrarowdepth=\dimen180
\abovetabulinesep=\dimen181
\belowtabulinesep=\dimen182
\tabustrutrule=\dimen183
\tabu@thebody=\toks24
\tabu@footnotes=\toks25
\tabu@box=\box63
\tabu@arstrutbox=\box64
\tabu@hleads=\box65
\tabu@vleads=\box66
\tabu@cellskip=\skip72
) (c:/Users/spyri/AppData/Roaming/TinyTeX/texmf-dist/tex/latex/threeparttable/threeparttable.sty
Package: threeparttable 2003/06/13  v 3.0
\@tempboxb=\box67
) (c:/Users/spyri/AppData/Roaming/TinyTeX/texmf-dist/tex/latex/threeparttablex/threeparttablex.sty
Package: threeparttablex 2013/07/23 v0.3 by daleif
(c:/Users/spyri/AppData/Roaming/TinyTeX/texmf-dist/tex/latex/environ/environ.sty
Package: environ 2014/05/04 v0.3 A new way to define environments
(c:/Users/spyri/AppData/Roaming/TinyTeX/texmf-dist/tex/latex/trimspaces/trimspaces.sty
Package: trimspaces 2009/09/17 v1.1 Trim spaces around a token list
)
\@envbody=\toks26
)
\TPTL@width=\skip73
) (c:/Users/spyri/AppData/Roaming/TinyTeX/texmf-dist/tex/generic/ulem/ulem.sty
\UL@box=\box68
\UL@hyphenbox=\box69
\UL@skip=\skip74
\UL@hook=\toks27
\UL@height=\dimen184
\UL@pe=\count296
\UL@pixel=\dimen185
\ULC@box=\box70
Package: ulem 2019/11/18
\ULdepth=\dimen186
) (c:/Users/spyri/AppData/Roaming/TinyTeX/texmf-dist/tex/latex/makecell/makecell.sty
Package: makecell 2009/08/03 V0.1e Managing of Tab Column Heads and Cells
\rotheadsize=\dimen187
\c@nlinenum=\count297
\TeXr@lab=\toks28
) (c:/Users/spyri/AppData/Roaming/TinyTeX/texmf-dist/tex/latex/xcolor/xcolor.sty
Package: xcolor 2021/10/31 v2.13 LaTeX color extensions (UK)
(c:/Users/spyri/AppData/Roaming/TinyTeX/texmf-dist/tex/latex/graphics-cfg/color.cfg
File: color.cfg 2016/01/02 v1.6 sample color configuration
)
Package xcolor Info: Driver file: pdftex.def on input line 227.
LaTeX Info: Redefining \color on input line 711.
Package xcolor Info: Model `cmy' substituted by `cmy0' on input line 1352.
Package xcolor Info: Model `hsb' substituted by `rgb' on input line 1356.
Package xcolor Info: Model `RGB' extended on input line 1368.
Package xcolor Info: Model `HTML' substituted by `rgb' on input line 1370.
Package xcolor Info: Model `Hsb' substituted by `hsb' on input line 1371.
Package xcolor Info: Model `tHsb' substituted by `hsb' on input line 1372.
Package xcolor Info: Model `HSB' substituted by `hsb' on input line 1373.
Package xcolor Info: Model `Gray' substituted by `gray' on input line 1374.
Package xcolor Info: Model `wave' substituted by `hsb' on input line 1375.
) (c:/Users/spyri/AppData/Roaming/TinyTeX/texmf-dist/tex/latex/l3backend/l3backend-pdftex.def
File: l3backend-pdftex.def 2022-02-07 L3 backend support: PDF output (pdfTeX)
\l__color_backend_stack_int=\count298
\l__pdf_internal_box=\box71
) (./_paper.aux)
\openout1 = `_paper.aux'.

LaTeX Font Info:    Checking defaults for OML/cmm/m/it on input line 141.
LaTeX Font Info:    ... okay on input line 141.
LaTeX Font Info:    Checking defaults for OMS/cmsy/m/n on input line 141.
LaTeX Font Info:    ... okay on input line 141.
LaTeX Font Info:    Checking defaults for OT1/cmr/m/n on input line 141.
LaTeX Font Info:    ... okay on input line 141.
LaTeX Font Info:    Checking defaults for T1/cmr/m/n on input line 141.
LaTeX Font Info:    ... okay on input line 141.
LaTeX Font Info:    Checking defaults for TS1/cmr/m/n on input line 141.
LaTeX Font Info:    ... okay on input line 141.
LaTeX Font Info:    Checking defaults for OMX/cmex/m/n on input line 141.
LaTeX Font Info:    ... okay on input line 141.
LaTeX Font Info:    Checking defaults for U/cmr/m/n on input line 141.
LaTeX Font Info:    ... okay on input line 141.
LaTeX Font Info:    Checking defaults for PD1/pdf/m/n on input line 141.
LaTeX Font Info:    ... okay on input line 141.
LaTeX Font Info:    Checking defaults for PU/pdf/m/n on input line 141.
LaTeX Font Info:    ... okay on input line 141.
(c:/Users/spyri/AppData/Roaming/TinyTeX/texmf-dist/tex/latex/epstopdf-pkg/epstopdf-base.sty
Package: epstopdf-base 2020-01-24 v2.11 Base part for package epstopdf
Package epstopdf-base Info: Redefining graphics rule for `.eps' on input line 485.
(c:/Users/spyri/AppData/Roaming/TinyTeX/texmf-dist/tex/latex/latexconfig/epstopdf-sys.cfg
File: epstopdf-sys.cfg 2010/07/13 v1.3 Configuration of (r)epstopdf for TeX Live
))
Package hyperref Info: Link coloring OFF on input line 141.
(c:/Users/spyri/AppData/Roaming/TinyTeX/texmf-dist/tex/latex/hyperref/nameref.sty
Package: nameref 2021-04-02 v2.47 Cross-referencing by name of section
(c:/Users/spyri/AppData/Roaming/TinyTeX/texmf-dist/tex/latex/refcount/refcount.sty
Package: refcount 2019/12/15 v3.6 Data extraction from label references (HO)
) (c:/Users/spyri/AppData/Roaming/TinyTeX/texmf-dist/tex/generic/gettitlestring/gettitlestring.sty
Package: gettitlestring 2019/12/15 v1.6 Cleanup title references (HO)
)
\c@section@level=\count299
)
LaTeX Info: Redefining \ref on input line 141.
LaTeX Info: Redefining \pageref on input line 141.
LaTeX Info: Redefining \nameref on input line 141.
(./_paper.out) (./_paper.out)
\@outlinefile=\write4
\openout4 = `_paper.out'.

LaTeX Font Info:    Trying to load font information for U+msa on input line 158.
(c:/Users/spyri/AppData/Roaming/TinyTeX/texmf-dist/tex/latex/amsfonts/umsa.fd
File: umsa.fd 2013/01/14 v3.01 AMS symbols A
)
LaTeX Font Info:    Trying to load font information for U+msb on input line 158.
(c:/Users/spyri/AppData/Roaming/TinyTeX/texmf-dist/tex/latex/amsfonts/umsb.fd
File: umsb.fd 2013/01/14 v3.01 AMS symbols B
) [1{c:/Users/spyri/AppData/Roaming/TinyTeX/texmf-var/fonts/map/pdftex/updmap/pdftex.map}

] [2]
<./figures/shap_distr_bd.png, id=113, 440.847pt x 578.16pt>
File: ./figures/shap_distr_bd.png Graphic file (type png)
<use ./figures/shap_distr_bd.png>
Package pdftex.def Info: ./figures/shap_distr_bd.png  used on input line 214.
(pdftex.def)             Requested size: 368.57964pt x 483.38383pt.

LaTeX Warning: Float too large for page by 17.61806pt on input line 219.


Underfull \vbox (badness 4108) has occurred while \output is active []

[3]
Underfull \vbox (badness 4108) has occurred while \output is active []

[4] [5pdfTeX warning (ext4): destination with the same identifier (name{figure.1}) has been already used, duplicate ignored
<argument> ...shipout:D \box_use:N \l_shipout_box 
                                                  \__shipout_drop_firstpage_...
l.235 ...The Cheem Viewer}\label{sec:cheemviewer}}
                                                   <./figures/shap_distr_bd.png>] [6]
<./figures/app_classification.png, id=155, 592.614pt x 549.85425pt>
File: ./figures/app_classification.png Graphic file (type png)
<use ./figures/app_classification.png>
Package pdftex.def Info: ./figures/app_classification.png  used on input line 270.
(pdftex.def)             Requested size: 433.62pt x 402.33833pt.
<./figures/app_regression_interactions.png, id=157, 596.82974pt x 605.26125pt>
File: ./figures/app_regression_interactions.png Graphic file (type png)
<use ./figures/app_regression_interactions.png>
Package pdftex.def Info: ./figures/app_regression_interactions.png  used on input line 286.
(pdftex.def)             Requested size: 433.62pt x 439.7498pt.
[7] [8pdfTeX warning (ext4): destination with the same identifier (name{figure.2}) has been already used, duplicate ignored
<argument> ...shipout:D \box_use:N \l_shipout_box 
                                                  \__shipout_drop_firstpage_...
l.291 \end{figure}
                   <./figures/app_classification.PNG>]
Overfull \hbox (5.38435pt too wide) in paragraph at lines 310--312
\OT1/cmr/m/n/10.95 and Wiener 2002), com-pat-i-bil-ity tree SHAP. Mod-est hy-per-pa-ram-e-ters are used, namely:
 []

[9] [10pdfTeX warning (ext4): destination with the same identifier (name{figure.3}) has been already used, duplicate ignored
<argument> ...shipout:D \box_use:N \l_shipout_box 
                                                  \__shipout_drop_firstpage_...
l.320 ...nfrastructure}\label{sec:infrastructure}}
                                                   <./figures/app_regression_interactions.PNG>]

Package xcolor Warning: Incompatible color definition on input line 329.


Package xcolor Warning: Incompatible color definition on input line 335.


Package xcolor Warning: Incompatible color definition on input line 335.


Overfull \hbox (10.55267pt too wide) in paragraph at lines 342--345
[]\OT1/cmr/m/n/10.95 A ver-sion of the cheem viewer shiny app can be di-rectly ac-cessed at []$\OT1/cmtt/m/n/10.95 https : / / ebsmonash .
 []


Overfull \hbox (14.29437pt too wide) in paragraph at lines 345--347
[]\OT1/cmr/m/n/10.95 The de-vel-op-ment ver-sion of the pack-age is avail-able at []$\OT1/cmtt/m/n/10.95 https : / / github . com / nspyrison /
 []

<./figures/case_penguins.png, id=191, 433.62pt x 433.62pt>
File: ./figures/case_penguins.png Graphic file (type png)
<use ./figures/case_penguins.png>
Package pdftex.def Info: ./figures/case_penguins.png  used on input line 366.
(pdftex.def)             Requested size: 433.62pt x 433.63878pt.
[11]
<./figures/case_penguins_BlFl.png, id=206, 309.155pt x 151.56625pt>
File: ./figures/case_penguins_BlFl.png Graphic file (type png)
<use ./figures/case_penguins_BlFl.png>
Package pdftex.def Info: ./figures/case_penguins_BlFl.png  used on input line 379.
(pdftex.def)             Requested size: 433.62pt x 212.60527pt.
<./figures/case_chocolates.png, id=208, 433.62pt x 433.62pt>
File: ./figures/case_chocolates.png Graphic file (type png)
<use ./figures/case_chocolates.png>
Package pdftex.def Info: ./figures/case_chocolates.png  used on input line 403.
(pdftex.def)             Requested size: 433.62pt x 433.63878pt.

Underfull \vbox (badness 4805) has occurred while \output is active []

[12] [13pdfTeX warning (ext4): destination with the same identifier (name{figure.4}) has been already used, duplicate ignored
<argument> ...shipout:D \box_use:N \l_shipout_box 
                                                  \__shipout_drop_firstpage_...
l.411 
       <./figures/case_penguins.png>]
Underfull \vbox (badness 10000) has occurred while \output is active []

[14pdfTeX warning (ext4): destination with the same identifier (name{figure.5}) has been already used, duplicate ignored
<argument> ...shipout:D \box_use:N \l_shipout_box 
                                                  \__shipout_drop_firstpage_...
l.417 
       <./figures/case_penguins_BlFl.png>] [15pdfTeX warning (ext4): destination with the same identifier (name{figure.6}) has been already used, duplicate ignored
<argument> ...shipout:D \box_use:N \l_shipout_box 
                                                  \__shipout_drop_firstpage_...
l.417 
       <./figures/case_chocolates.png>]
<./figures/case_chocolates_inverse.png, id=245, 433.62pt x 433.62pt>
File: ./figures/case_chocolates_inverse.png Graphic file (type png)
<use ./figures/case_chocolates_inverse.png>
Package pdftex.def Info: ./figures/case_chocolates_inverse.png  used on input line 424.
(pdftex.def)             Requested size: 433.62pt x 433.63878pt.
<./figures/case_fifa.png, id=250, 433.62pt x 505.89pt>
File: ./figures/case_fifa.png Graphic file (type png)
<use ./figures/case_fifa.png>
Package pdftex.def Info: ./figures/case_fifa.png  used on input line 444.
(pdftex.def)             Requested size: 390.25534pt x 455.31993pt.

LaTeX Warning: Float too large for page by 17.36249pt on input line 449.


Underfull \vbox (badness 10000) has occurred while \output is active []

[16] [17pdfTeX warning (ext4): destination with the same identifier (name{figure.7}) has been already used, duplicate ignored
<argument> ...shipout:D \box_use:N \l_shipout_box 
                                                  \__shipout_drop_firstpage_...
l.459 
       <./figures/case_chocolates_inverse.png>] [18pdfTeX warning (ext4): destination with the same identifier (name{figure.8}) has been already used, duplicate ignored
<argument> ...shipout:D \box_use:N \l_shipout_box 
                                                  \__shipout_drop_firstpage_...
l.459 
       <./figures/case_fifa.png>]
<./figures/case_ames2018.png, id=272, 433.62pt x 505.89pt>
File: ./figures/case_ames2018.png Graphic file (type png)
<use ./figures/case_ames2018.png>
Package pdftex.def Info: ./figures/case_ames2018.png  used on input line 464.
(pdftex.def)             Requested size: 390.25534pt x 455.31993pt.

LaTeX Warning: Float too large for page by 17.36249pt on input line 469.

[19] [20pdfTeX warning (ext4): destination with the same identifier (name{figure.9}) has been already used, duplicate ignored
<argument> ...shipout:D \box_use:N \l_shipout_box 
                                                  \__shipout_drop_firstpage_...
l.483 
       <./figures/case_ames2018.png>]
Underfull \vbox (badness 10000) has occurred while \output is active []

[21]
Overfull \hbox (202.84843pt too wide) in paragraph at lines 544--546
\OT1/cmr/m/n/10.95 Women.'' \OT1/cmr/m/it/10.95 Reuters\OT1/cmr/m/n/10.95 , Oc-to-ber. []$\OT1/cmtt/m/n/10.95 https : / / www . reuters . com / article / us-[]amazon-[]com-[]jobs-[]automation-[]insight-[]idUSKCN1MK08G$[]\OT1/cmr/m/n/10.95 . 
 []


Overfull \hbox (20.8976pt too wide) in paragraph at lines 568--570
\OT1/cmr/m/n/10.95 ``Gbm: Gen-er-al-ized Boosted Re-gres-sion Mod-els.'' []$\OT1/cmtt/m/n/10.95 https : / / CRAN . R-[]project . org / package =
 []


Underfull \vbox (badness 10000) has occurred while \output is active []

[22]
Overfull \hbox (86.44087pt too wide) in paragraph at lines 583--585
\OT1/cmtt/m/n/10.95 org / article / how-[]we-[]analyzed-[]the-[]compas-[]recidivism-[]algorithm ? token = RPR1E2qtzJltfJ0tS-[]gB _
 []


Overfull \hbox (51.24901pt too wide) in paragraph at lines 592--594
[][]\OT1/cmr/m/n/10.95 Leone, Ste-fano. 2020. ``FIFA 20 Com-plete Player Dataset.'' []$\OT1/cmtt/m/n/10.95 https : / / kaggle . com / stefanoleone992 /
 []


Overfull \hbox (12.57013pt too wide) in paragraph at lines 604--606
[][]\OT1/cmr/m/n/10.95 Molnar, Christoph. 2020. \OT1/cmr/m/it/10.95 In-ter-pretable Ma-chine Learn-ing\OT1/cmr/m/n/10.95 . Lulu. com. []$\OT1/cmtt/m/n/10.95 https : / / christophm .
 []


Underfull \vbox (badness 10000) has occurred while \output is active []

[23]
No file _paper.bbl.
[24] (./_paper.aux)
Package rerunfilecheck Info: File `_paper.out' has not changed.
(rerunfilecheck)             Checksum: 78E21A9E305FD6ADFD8437AF7C205208;3175.
 ) 
Here is how much of TeX's memory you used:
 12274 strings out of 480216
 196044 string characters out of 5893255
 493558 words of memory out of 5000000
 29898 multiletter control sequences out of 15000+600000
 479715 words of font info for 69 fonts, out of 8000000 for 9000
 14 hyphenation exceptions out of 8191
 85i,7n,90p,1401b,461s stack positions out of 5000i,500n,10000p,200000b,80000s
 <c:/Users/spyri/AppData/Roaming/TinyTeX/texmf-var/fonts/pk/ljfour/jknappen/ec/tcrm1095.600pk> <c:/Users/spyri/AppData/Roaming/TinyTeX/texmf-var/fonts/pk/ljfour/jknappen/ec/tcrm0800.600pk><c:/Users/spyri/AppData/Roaming/TinyTeX/texmf-dist/fonts/type1/public/amsfonts/cm/cmbx10.pfb><c:/Users/spyri/AppData/Roaming/TinyTeX/texmf-dist/fonts/type1/public/amsfonts/cm/cmbx12.pfb><c:/Users/spyri/AppData/Roaming/TinyTeX/texmf-dist/fonts/type1/public/amsfonts/cm/cmcsc10.pfb><c:/Users/spyri/AppData/Roaming/TinyTeX/texmf-dist/fonts/type1/public/amsfonts/cm/cmmi10.pfb><c:/Users/spyri/AppData/Roaming/TinyTeX/texmf-dist/fonts/type1/public/amsfonts/cm/cmr10.pfb><c:/Users/spyri/AppData/Roaming/TinyTeX/texmf-dist/fonts/type1/public/amsfonts/cm/cmr8.pfb><c:/Users/spyri/AppData/Roaming/TinyTeX/texmf-dist/fonts/type1/public/amsfonts/cm/cmsy10.pfb><c:/Users/spyri/AppData/Roaming/TinyTeX/texmf-dist/fonts/type1/public/amsfonts/cm/cmtcsc10.pfb><c:/Users/spyri/AppData/Roaming/TinyTeX/texmf-dist/fonts/type1/public/amsfonts/cm/cmti10.pfb><c:/Users/spyri/AppData/Roaming/TinyTeX/texmf-dist/fonts/type1/public/amsfonts/cm/cmtt10.pfb><c:/Users/spyri/AppData/Roaming/TinyTeX/texmf-dist/fonts/type1/public/amsfonts/cm/cmtt8.pfb>
Output written on _paper.pdf (24 pages, 2338818 bytes).
PDF statistics:
 494 PDF objects out of 1000 (max. 8388607)
 416 compressed objects within 5 object streams
 130 named destinations out of 1000 (max. 500000)
 206 words of extra memory for PDF output out of 10000 (max. 10000000)

