This is XeTeX, Version 3.141592653-2.6-0.999993 (TeX Live 2021/W32TeX) (preloaded format=xelatex 2022.2.28)  15 MAR 2022 15:55
entering extended mode
 restricted \write18 enabled.
 %&-line parsing enabled.
**jmlr2e.sty
(./jmlr2e.sty
LaTeX2e <2021-11-15> patch level 1
L3 programming layer <2022-02-24>
Document Style `jmlr'.
)
! Emergency stop.
<*> jmlr2e.sty
              
*** (job aborted, no legal \end found)

 
Here is how much of TeX's memory you used:
 30 strings out of 478159
 463 string characters out of 5851923
 290377 words of memory out of 5000000
 20757 multiletter control sequences out of 15000+600000
 469259 words of font info for 28 fonts, out of 8000000 for 9000
 14 hyphenation exceptions out of 8191
 12i,0n,15p,124b,10s stack positions out of 5000i,500n,10000p,200000b,80000s
No pages of output.
